[10:37:54] [Datafixer Bootstrap/INFO]: 263 Datafixer optimizations took 915 milliseconds
[10:37:58] [Render thread/INFO]: Environment: Environment[sessionHost=https://sessionserver.mojang.com, servicesHost=https://api.minecraftservices.com, name=PROD]
[10:37:58] [Render thread/INFO]: Setting user: Ceeyu
[10:37:58] [Render thread/INFO]: Backend library: LWJGL version 3.3.3+5
[10:37:59] [Render thread/INFO]: Using optional rendering extensions: GL_KHR_debug, GL_ARB_vertex_attrib_binding, GL_ARB_direct_state_access
[10:37:59] [Render thread/INFO]: Reloading ResourceManager: vanilla
[10:37:59] [Worker-Main-14/INFO]: Found unifont_all_no_pua-16.0.01.hex, loading
[10:37:59] [Worker-Main-6/INFO]: Found unifont_jp_patch-16.0.01.hex, loading
[10:38:00] [Render thread/WARN]: minecraft:pipeline/entity_translucent_emissive shader program does not use sampler Sampler2 defined in the pipeline. This might be a bug.
[10:38:01] [Render thread/INFO]: OpenAL initialized on device OpenAL Soft on Speaker (2- Realtek(R) Audio)
[10:38:01] [Render thread/INFO]: Sound engine started
[10:38:01] [Render thread/INFO]: Created: 1024x512x4 minecraft:textures/atlas/blocks.png-atlas
[10:38:01] [Render thread/INFO]: Created: 256x256x4 minecraft:textures/atlas/signs.png-atlas
[10:38:01] [Render thread/INFO]: Created: 512x512x4 minecraft:textures/atlas/shield_patterns.png-atlas
[10:38:01] [Render thread/INFO]: Created: 512x512x4 minecraft:textures/atlas/banner_patterns.png-atlas
[10:38:01] [Render thread/INFO]: Created: 2048x1024x4 minecraft:textures/atlas/armor_trims.png-atlas
[10:38:01] [Render thread/INFO]: Created: 128x64x4 minecraft:textures/atlas/decorated_pot.png-atlas
[10:38:01] [Render thread/INFO]: Created: 256x256x4 minecraft:textures/atlas/chest.png-atlas
[10:38:01] [Render thread/INFO]: Created: 512x256x4 minecraft:textures/atlas/shulker_boxes.png-atlas
[10:38:01] [Render thread/INFO]: Created: 512x256x4 minecraft:textures/atlas/beds.png-atlas
[10:38:01] [Render thread/INFO]: Created: 64x64x0 minecraft:textures/atlas/map_decorations.png-atlas
[10:38:01] [Render thread/INFO]: Created: 512x256x0 minecraft:textures/atlas/particles.png-atlas
[10:38:01] [Render thread/INFO]: Created: 512x256x0 minecraft:textures/atlas/paintings.png-atlas
[10:38:01] [Render thread/INFO]: Created: 256x128x0 minecraft:textures/atlas/mob_effects.png-atlas
[10:38:01] [Render thread/INFO]: Created: 1024x512x0 minecraft:textures/atlas/gui.png-atlas
[10:38:15] [Render thread/INFO]: Stopping!
